This is pdfTeX, Version 3.1415926-2.3-1.40.12 (MiKTeX 2.9 64-bit) (preloaded format=pdflatex 2013.7.1)  23 JAN 2014 13:15
entering extended mode
**synopsis.tex
(D:\TEMP\lidarTargetingTools\doc\synopsis.tex
LaTeX2e <2011/06/27>
Babel <v3.8m> and hyphenation patterns for english, afrikaans, ancientgreek, ar
abic, armenian, assamese, basque, bengali, bokmal, bulgarian, catalan, coptic, 
croatian, czech, danish, dutch, esperanto, estonian, farsi, finnish, french, ga
lician, german, german-x-2009-06-19, greek, gujarati, hindi, hungarian, iceland
ic, indonesian, interlingua, irish, italian, kannada, kurmanji, lao, latin, lat
vian, lithuanian, malayalam, marathi, mongolian, mongolianlmc, monogreek, ngerm
an, ngerman-x-2009-06-19, nynorsk, oriya, panjabi, pinyin, polish, portuguese, 
romanian, russian, sanskrit, serbian, slovak, slovenian, spanish, swedish, swis
sgerman, tamil, telugu, turkish, turkmen, ukenglish, ukrainian, uppersorbian, u
senglishmax, welsh, loaded.
(C:\Users\ruesca\Documents\generalSoftware\MiKTeX\tex\latex\base\article.cls
Document Class: article 2007/10/19 v1.4h Standard LaTeX document class
(C:\Users\ruesca\Documents\generalSoftware\MiKTeX\tex\latex\base\size12.clo
File: size12.clo 2007/10/19 v1.4h Standard LaTeX file (size option)
)
\c@part=\count79
\c@section=\count80
\c@subsection=\count81
\c@subsubsection=\count82
\c@paragraph=\count83
\c@subparagraph=\count84
\c@figure=\count85
\c@table=\count86
\abovecaptionskip=\skip41
\belowcaptionskip=\skip42
\bibindent=\dimen102
)
(C:\Users\ruesca\Documents\generalSoftware\MiKTeX\tex\latex\graphics\graphicx.s
ty
Package: graphicx 1999/02/16 v1.0f Enhanced LaTeX Graphics (DPC,SPQR)

(C:\Users\ruesca\Documents\generalSoftware\MiKTeX\tex\latex\graphics\keyval.sty
Package: keyval 1999/03/16 v1.13 key=value parser (DPC)
\KV@toks@=\toks14
)
(C:\Users\ruesca\Documents\generalSoftware\MiKTeX\tex\latex\graphics\graphics.s
ty
Package: graphics 2009/02/05 v1.0o Standard LaTeX Graphics (DPC,SPQR)

(C:\Users\ruesca\Documents\generalSoftware\MiKTeX\tex\latex\graphics\trig.sty
Package: trig 1999/03/16 v1.09 sin cos tan (DPC)
)
(C:\Users\ruesca\Documents\generalSoftware\MiKTeX\tex\latex\00miktex\graphics.c
fg
File: graphics.cfg 2007/01/18 v1.5 graphics configuration of teTeX/TeXLive
)
Package graphics Info: Driver file: pdftex.def on input line 91.

(C:\Users\ruesca\Documents\generalSoftware\MiKTeX\tex\latex\pdftex-def\pdftex.d
ef
File: pdftex.def 2011/05/27 v0.06d Graphics/color for pdfTeX

(C:\Users\ruesca\Documents\generalSoftware\MiKTeX\tex\generic\oberdiek\infwarer
r.sty
Package: infwarerr 2010/04/08 v1.3 Providing info/warning/error messages (HO)
)
(C:\Users\ruesca\Documents\generalSoftware\MiKTeX\tex\generic\oberdiek\ltxcmds.
sty
Package: ltxcmds 2011/11/09 v1.22 LaTeX kernel commands for general use (HO)
)
\Gread@gobject=\count87
))
\Gin@req@height=\dimen103
\Gin@req@width=\dimen104
)
(C:\Users\ruesca\Documents\generalSoftware\MiKTeX\tex\latex\psnfss\times.sty
Package: times 2005/04/12 PSNFSS-v9.2a (SPQR) 
)
(C:\Users\ruesca\Documents\generalSoftware\MiKTeX\tex\latex\draftwatermark\draf
twatermark.sty
Package: draftwatermark 2006/06/30 1.0 Put a gray textual watermark on document
 pages

(C:\Users\ruesca\Documents\generalSoftware\MiKTeX\tex\latex\everypage\everypage
.sty
Package: everypage 2007/06/20 1.1 Hooks to run on every page
)
(C:\Users\ruesca\Documents\generalSoftware\MiKTeX\tex\latex\graphics\color.sty
Package: color 2005/11/14 v1.0j Standard LaTeX Color (DPC)

(C:\Users\ruesca\Documents\generalSoftware\MiKTeX\tex\latex\00miktex\color.cfg
File: color.cfg 2007/01/18 v1.5 color configuration of teTeX/TeXLive
)
Package color Info: Driver file: pdftex.def on input line 130.
)
\sc@wm@fontsize=\skip43
) (D:\TEMP\lidarTargetingTools\doc\synopsis.aux)
LaTeX Font Info:    Checking defaults for OML/cmm/m/it on input line 15.
LaTeX Font Info:    ... okay on input line 15.
LaTeX Font Info:    Checking defaults for T1/cmr/m/n on input line 15.
LaTeX Font Info:    ... okay on input line 15.
LaTeX Font Info:    Checking defaults for OT1/cmr/m/n on input line 15.
LaTeX Font Info:    ... okay on input line 15.
LaTeX Font Info:    Checking defaults for OMS/cmsy/m/n on input line 15.
LaTeX Font Info:    ... okay on input line 15.
LaTeX Font Info:    Checking defaults for OMX/cmex/m/n on input line 15.
LaTeX Font Info:    ... okay on input line 15.
LaTeX Font Info:    Checking defaults for U/cmr/m/n on input line 15.
LaTeX Font Info:    ... okay on input line 15.
LaTeX Font Info:    Try loading font information for OT1+ptm on input line 15.

(C:\Users\ruesca\Documents\generalSoftware\MiKTeX\tex\latex\psnfss\ot1ptm.fd
File: ot1ptm.fd 2001/06/04 font definitions for OT1/ptm.
)
(C:\Users\ruesca\Documents\generalSoftware\MiKTeX\tex\context\base\supp-pdf.mki
i
[Loading MPS to PDF converter (version 2006.09.02).]
\scratchcounter=\count88
\scratchdimen=\dimen105
\scratchbox=\box26
\nofMPsegments=\count89
\nofMParguments=\count90
\everyMPshowfont=\toks15
\MPscratchCnt=\count91
\MPscratchDim=\dimen106
\MPnumerator=\count92
\makeMPintoPDFobject=\count93
\everyMPtoPDFconversion=\toks16
)
LaTeX Font Info:    External font `cmex10' loaded for size
(Font)              <14.4> on input line 16.
LaTeX Font Info:    External font `cmex10' loaded for size
(Font)              <7> on input line 16.
LaTeX Font Info:    Font shape `OT1/ptm/bx/n' in size <17.28> not available
(Font)              Font shape `OT1/ptm/b/n' tried instead on input line 17.
 [1{C:/Users/ruesca/AppData/Local/MiKTeX/2.9/pdftex/config/pdftex.map}

]
<./figures/decisionFramework.png, id=7, 470.11635pt x 164.7756pt>
File: ./figures/decisionFramework.png Graphic file (type png)

<use ./figures/decisionFramework.png>
Package pdftex.def Info: ./figures/decisionFramework.png used on input line 28.

(pdftex.def)             Requested size: 390.0pt x 136.70084pt.
 [2] [3 <D:/TEMP/lidarTargetingTools/doc/figures/decisionFramework.png>]
<./figures/fieldScaleTargeting.png, id=14, 374.5995pt x 372.4314pt>
File: ./figures/fieldScaleTargeting.png Graphic file (type png)

<use ./figures/fieldScaleTargeting.png>
Package pdftex.def Info: ./figures/fieldScaleTargeting.png used on input line 4
6.
(pdftex.def)             Requested size: 390.0pt x 387.74573pt.

<./figures/intermediateLayers.png, id=16, 403.9893pt x 419.8887pt>
File: ./figures/intermediateLayers.png Graphic file (type png)

<use ./figures/intermediateLayers.png>
Package pdftex.def Info: ./figures/intermediateLayers.png used on input line 55
.
(pdftex.def)             Requested size: 347.09976pt x 360.7769pt.
 [4] [5 <D:/TEMP/lidarTargetingTools/doc/figures/fieldScaleTargeting.png>] [6 <
D:/TEMP/lidarTargetingTools/doc/figures/intermediateLayers.png>] (D:\TEMP\lidar
TargetingTools\doc\synopsis.bbl) [7]
(D:\TEMP\lidarTargetingTools\doc\synopsis.aux) ) 
Here is how much of TeX's memory you used:
 1290 strings out of 494045
 18830 string characters out of 3139922
 70537 words of memory out of 3000000
 4596 multiletter control sequences out of 15000+200000
 16732 words of font info for 33 fonts, out of 3000000 for 9000
 715 hyphenation exceptions out of 8191
 27i,10n,29p,1410b,235s stack positions out of 5000i,500n,10000p,200000b,50000s
{C:/Users/ruesca/Documents/gene
ralSoftware/MiKTeX/fonts/enc/dvips/fontname/8r.enc}<C:/Users/ruesca/Documents/g
eneralSoftware/MiKTeX/fonts/type1/urw/times/utmb8a.pfb><C:/Users/ruesca/Documen
ts/generalSoftware/MiKTeX/fonts/type1/urw/times/utmr8a.pfb><C:/Users/ruesca/Doc
uments/generalSoftware/MiKTeX/fonts/type1/urw/times/utmri8a.pfb>
Output written on synopsis.pdf (7 pages, 1071972 bytes).
PDF statistics:
 45 PDF objects out of 1000 (max. 8388607)
 0 named destinations out of 1000 (max. 500000)
 16 words of extra memory for PDF output out of 10000 (max. 10000000)

