This is pdfTeX, Version 3.1415926-2.3-1.40.12 (MiKTeX 2.9 64-bit) (preloaded format=pdflatex 2013.7.1)  18 SEP 2013 14:19
entering extended mode
**tutorial
(T:\Projects\Rock_River\Code\lidarTargetingTools\tutorial\tutorial.tex
LaTeX2e <2011/06/27>
Babel <v3.8m> and hyphenation patterns for english, afrikaans, ancientgreek, ar
abic, armenian, assamese, basque, bengali, bokmal, bulgarian, catalan, coptic, 
croatian, czech, danish, dutch, esperanto, estonian, farsi, finnish, french, ga
lician, german, german-x-2009-06-19, greek, gujarati, hindi, hungarian, iceland
ic, indonesian, interlingua, irish, italian, kannada, kurmanji, lao, latin, lat
vian, lithuanian, malayalam, marathi, mongolian, mongolianlmc, monogreek, ngerm
an, ngerman-x-2009-06-19, nynorsk, oriya, panjabi, pinyin, polish, portuguese, 
romanian, russian, sanskrit, serbian, slovak, slovenian, spanish, swedish, swis
sgerman, tamil, telugu, turkish, turkmen, ukenglish, ukrainian, uppersorbian, u
senglishmax, welsh, loaded.
(C:\Users\ruesca\Documents\generalSoftware\MiKTeX\tex\latex\base\article.cls
Document Class: article 2007/10/19 v1.4h Standard LaTeX document class
(C:\Users\ruesca\Documents\generalSoftware\MiKTeX\tex\latex\base\size10.clo
File: size10.clo 2007/10/19 v1.4h Standard LaTeX file (size option)
)
\c@part=\count79
\c@section=\count80
\c@subsection=\count81
\c@subsubsection=\count82
\c@paragraph=\count83
\c@subparagraph=\count84
\c@figure=\count85
\c@table=\count86
\abovecaptionskip=\skip41
\belowcaptionskip=\skip42
\bibindent=\dimen102
)
(C:\Users\ruesca\Documents\generalSoftware\MiKTeX\tex\latex\hyperref\hyperref.s
ty
Package: hyperref 2012/05/13 v6.82q Hypertext links for LaTeX

(C:\Users\ruesca\Documents\generalSoftware\MiKTeX\tex\generic\oberdiek\hobsub-h
yperref.sty
Package: hobsub-hyperref 2012/04/25 v1.12 Bundle oberdiek, subset hyperref (HO)


(C:\Users\ruesca\Documents\generalSoftware\MiKTeX\tex\generic\oberdiek\hobsub-g
eneric.sty
Package: hobsub-generic 2012/04/25 v1.12 Bundle oberdiek, subset generic (HO)
Package: hobsub 2012/04/25 v1.12 Construct package bundles (HO)
Package: infwarerr 2010/04/08 v1.3 Providing info/warning/error messages (HO)
Package: ltxcmds 2011/11/09 v1.22 LaTeX kernel commands for general use (HO)
Package: ifluatex 2010/03/01 v1.3 Provides the ifluatex switch (HO)
Package ifluatex Info: LuaTeX not detected.
Package: ifvtex 2010/03/01 v1.5 Detect VTeX and its facilities (HO)
Package ifvtex Info: VTeX not detected.
Package: intcalc 2007/09/27 v1.1 Expandable calculations with integers (HO)
Package: ifpdf 2011/01/30 v2.3 Provides the ifpdf switch (HO)
Package ifpdf Info: pdfTeX in PDF mode is detected.
Package: etexcmds 2011/02/16 v1.5 Avoid name clashes with e-TeX commands (HO)
Package etexcmds Info: Could not find \expanded.
(etexcmds)             That can mean that you are not using pdfTeX 1.50 or
(etexcmds)             that some package has redefined \expanded.
(etexcmds)             In the latter case, load this package earlier.
Package: kvsetkeys 2012/04/25 v1.16 Key value parser (HO)
Package: kvdefinekeys 2011/04/07 v1.3 Define keys (HO)
Package: pdftexcmds 2011/11/29 v0.20 Utility functions of pdfTeX for LuaTeX (HO
)
Package pdftexcmds Info: LuaTeX not detected.
Package pdftexcmds Info: \pdf@primitive is available.
Package pdftexcmds Info: \pdf@ifprimitive is available.
Package pdftexcmds Info: \pdfdraftmode found.
Package: pdfescape 2011/11/25 v1.13 Implements pdfTeX's escape features (HO)
Package: bigintcalc 2012/04/08 v1.3 Expandable calculations on big integers (HO
)
Package: bitset 2011/01/30 v1.1 Handle bit-vector datatype (HO)
Package: uniquecounter 2011/01/30 v1.2 Provide unlimited unique counter (HO)
)
Package hobsub Info: Skipping package `hobsub' (already loaded).
Package: letltxmacro 2010/09/02 v1.4 Let assignment for LaTeX macros (HO)
Package: hopatch 2011/06/24 v1.1 Wrapper for package hooks (HO)
Package: xcolor-patch 2011/01/30 xcolor patch
Package: atveryend 2011/06/30 v1.8 Hooks at the very end of document (HO)
Package atveryend Info: \enddocument detected (standard20110627).
Package: atbegshi 2011/10/05 v1.16 At begin shipout hook (HO)
Package: refcount 2011/10/16 v3.4 Data extraction from label references (HO)
Package: hycolor 2011/01/30 v1.7 Color options for hyperref/bookmark (HO)
)
(C:\Users\ruesca\Documents\generalSoftware\MiKTeX\tex\latex\graphics\keyval.sty
Package: keyval 1999/03/16 v1.13 key=value parser (DPC)
\KV@toks@=\toks14
)
(C:\Users\ruesca\Documents\generalSoftware\MiKTeX\tex\generic\ifxetex\ifxetex.s
ty
Package: ifxetex 2010/09/12 v0.6 Provides ifxetex conditional
)
(C:\Users\ruesca\Documents\generalSoftware\MiKTeX\tex\latex\oberdiek\kvoptions.
sty
Package: kvoptions 2011/06/30 v3.11 Key value format for package options (HO)
)
\@linkdim=\dimen103
\Hy@linkcounter=\count87
\Hy@pagecounter=\count88

(C:\Users\ruesca\Documents\generalSoftware\MiKTeX\tex\latex\hyperref\pd1enc.def
File: pd1enc.def 2012/05/13 v6.82q Hyperref: PDFDocEncoding definition (HO)
)
\Hy@SavedSpaceFactor=\count89

(C:\Users\ruesca\Documents\generalSoftware\MiKTeX\tex\latex\00miktex\hyperref.c
fg
File: hyperref.cfg 2002/06/06 v1.2 hyperref configuration of TeXLive
)
Package hyperref Info: Hyper figures OFF on input line 4062.
Package hyperref Info: Link nesting OFF on input line 4067.
Package hyperref Info: Hyper index ON on input line 4070.
Package hyperref Info: Plain pages OFF on input line 4077.
Package hyperref Info: Backreferencing OFF on input line 4082.
Package hyperref Info: Implicit mode ON; LaTeX internals redefined.
Package hyperref Info: Bookmarks ON on input line 4300.
\c@Hy@tempcnt=\count90
 (C:\Users\ruesca\Documents\generalSoftware\MiKTeX\tex\latex\ltxmisc\url.sty
\Urlmuskip=\muskip10
Package: url 2006/04/12  ver 3.3  Verb mode for urls, etc.
)
LaTeX Info: Redefining \url on input line 4653.
\Fld@menulength=\count91
\Field@Width=\dimen104
\Fld@charsize=\dimen105
Package hyperref Info: Hyper figures OFF on input line 5773.
Package hyperref Info: Link nesting OFF on input line 5778.
Package hyperref Info: Hyper index ON on input line 5781.
Package hyperref Info: backreferencing OFF on input line 5788.
Package hyperref Info: Link coloring OFF on input line 5793.
Package hyperref Info: Link coloring with OCG OFF on input line 5798.
Package hyperref Info: PDF/A mode OFF on input line 5803.
LaTeX Info: Redefining \ref on input line 5843.
LaTeX Info: Redefining \pageref on input line 5847.
\Hy@abspage=\count92
\c@Item=\count93
\c@Hfootnote=\count94
)

Package hyperref Message: Driver (autodetected): hpdftex.


(C:\Users\ruesca\Documents\generalSoftware\MiKTeX\tex\latex\hyperref\hpdftex.de
f
File: hpdftex.def 2012/05/13 v6.82q Hyperref driver for pdfTeX
\Fld@listcount=\count95
\c@bookmark@seq@number=\count96

(C:\Users\ruesca\Documents\generalSoftware\MiKTeX\tex\latex\oberdiek\rerunfilec
heck.sty
Package: rerunfilecheck 2011/04/15 v1.7 Rerun checks for auxiliary files (HO)
Package uniquecounter Info: New unique counter `rerunfilecheck' on input line 2
82.
)
\Hy@SectionHShift=\skip43
)
(C:\Users\ruesca\Documents\generalSoftware\MiKTeX\tex\latex\psnfss\times.sty
Package: times 2005/04/12 PSNFSS-v9.2a (SPQR) 
)
(C:\Users\ruesca\Documents\generalSoftware\MiKTeX\tex\latex\xcolor\xcolor.sty
Package: xcolor 2007/01/21 v2.11 LaTeX color extensions (UK)

(C:\Users\ruesca\Documents\generalSoftware\MiKTeX\tex\latex\00miktex\color.cfg
File: color.cfg 2007/01/18 v1.5 color configuration of teTeX/TeXLive
)
Package xcolor Info: Package option `usenames' ignored on input line 216.
Package xcolor Info: Driver file: pdftex.def on input line 225.

(C:\Users\ruesca\Documents\generalSoftware\MiKTeX\tex\latex\pdftex-def\pdftex.d
ef
File: pdftex.def 2011/05/27 v0.06d Graphics/color for pdfTeX
\Gread@gobject=\count97
)
(C:\Users\ruesca\Documents\generalSoftware\MiKTeX\tex\latex\colortbl\colortbl.s
ty
Package: colortbl 2012/02/13 v1.0a Color table columns (DPC)
 (C:\Users\ruesca\Documents\generalSoftware\MiKTeX\tex\latex\tools\array.sty
Package: array 2008/09/09 v2.4c Tabular extension package (FMi)
\col@sep=\dimen106
\extrarowheight=\dimen107
\NC@list=\toks15
\extratabsurround=\skip44
\backup@length=\skip45
)
\everycr=\toks16
\minrowclearance=\skip46
)
\rownum=\count98
Package xcolor Info: Model `cmy' substituted by `cmy0' on input line 1337.
Package xcolor Info: Model `hsb' substituted by `rgb' on input line 1341.
Package xcolor Info: Model `RGB' extended on input line 1353.
Package xcolor Info: Model `HTML' substituted by `rgb' on input line 1355.
Package xcolor Info: Model `Hsb' substituted by `hsb' on input line 1356.
Package xcolor Info: Model `tHsb' substituted by `hsb' on input line 1357.
Package xcolor Info: Model `HSB' substituted by `hsb' on input line 1358.
Package xcolor Info: Model `Gray' substituted by `gray' on input line 1359.
Package xcolor Info: Model `wave' substituted by `hsb' on input line 1360.

(C:\Users\ruesca\Documents\generalSoftware\MiKTeX\tex\latex\graphics\dvipsnam.d
ef
File: dvipsnam.def 1999/02/16 v3.0i Driver-dependant file (DPC,SPQR)
)
(C:\Users\ruesca\Documents\generalSoftware\MiKTeX\tex\latex\xcolor\svgnam.def
File: svgnam.def 2007/01/21 v2.11 Predefined colors according to SVG 1.1 (UK)
))
(C:\Users\ruesca\Documents\generalSoftware\MiKTeX\tex\latex\graphics\graphicx.s
ty
Package: graphicx 1999/02/16 v1.0f Enhanced LaTeX Graphics (DPC,SPQR)

(C:\Users\ruesca\Documents\generalSoftware\MiKTeX\tex\latex\graphics\graphics.s
ty
Package: graphics 2009/02/05 v1.0o Standard LaTeX Graphics (DPC,SPQR)

(C:\Users\ruesca\Documents\generalSoftware\MiKTeX\tex\latex\graphics\trig.sty
Package: trig 1999/03/16 v1.09 sin cos tan (DPC)
)
(C:\Users\ruesca\Documents\generalSoftware\MiKTeX\tex\latex\00miktex\graphics.c
fg
File: graphics.cfg 2007/01/18 v1.5 graphics configuration of teTeX/TeXLive
)
Package graphics Info: Driver file: pdftex.def on input line 91.
)
\Gin@req@height=\dimen108
\Gin@req@width=\dimen109
)
(C:\Users\ruesca\Documents\generalSoftware\MiKTeX\tex\latex\biblatex\biblatex.s
ty
Package: biblatex 2013/05/01 v2.6 programmable bibliographies (PK/JW/AB)

(C:\Users\ruesca\Documents\generalSoftware\MiKTeX\tex\latex\biblatex\biblatex1.
sty
Package: biblatex1 2013/05/01 v2.6 programmable bibliographies (bibtex) (PK/JW/
AB)

(C:\Users\ruesca\Documents\generalSoftware\MiKTeX\tex\latex\etoolbox\etoolbox.s
ty
Package: etoolbox 2011/01/03 v2.1 e-TeX tools for LaTeX
 (C:\Users\ruesca\Documents\generalSoftware\MiKTeX\tex\latex\misc\etex.sty
Package: etex 1998/03/26 v2.0 eTeX basic definition package (PEB)
\et@xins=\count99
)
\etb@tempcnta=\count100
)
(C:\Users\ruesca\Documents\generalSoftware\MiKTeX\tex\latex\logreq\logreq.sty
Package: logreq 2010/08/04 v1.0 xml request logger
\lrq@indent=\count101

(C:\Users\ruesca\Documents\generalSoftware\MiKTeX\tex\latex\logreq\logreq.def
File: logreq.def 2010/08/04 v1.0 logreq spec v1.0
)) (C:\Users\ruesca\Documents\generalSoftware\MiKTeX\tex\latex\base\ifthen.sty
Package: ifthen 2001/05/26 v1.1c Standard LaTeX ifthen package (DPC)
)
\c@tabx@nest=\count102
\c@listtotal=\count103
\c@listcount=\count104
\c@liststart=\count105
\c@liststop=\count106
\c@citecount=\count107
\c@citetotal=\count108
\c@multicitecount=\count109
\c@multicitetotal=\count110
\c@instcount=\count111
\c@maxnames=\count112
\c@minnames=\count113
\c@maxitems=\count114
\c@minitems=\count115
\c@citecounter=\count116
\c@savedcitecounter=\count117
\c@uniquelist=\count118
\c@uniquename=\count119
\c@refsection=\count120
\c@refsegment=\count121
\c@maxextrayear=\count122
\c@maxextraalpha=\count123
\c@abbrvpenalty=\count124
\c@highnamepenalty=\count125
\c@lownamepenalty=\count126
\c@maxparens=\count127
\c@parenlevel=\count128
\blx@tempcnta=\count129
\blx@tempcntb=\count130
\blx@tempcntc=\count131
\blx@maxsection=\count132
\blx@maxsegment=\count133
\blx@notetype=\count134
\blx@parenlevel@text=\count135
\blx@parenlevel@foot=\count136
\labelnumberwidth=\skip47
\labelalphawidth=\skip48
\shorthandwidth=\skip49
\biblabelsep=\skip50
\bibitemsep=\skip51
\bibnamesep=\skip52
\bibinitsep=\skip53
\bibparsep=\skip54
\bibhang=\skip55
\blx@auxin=\read1
\blx@auxout=\write3
\c@mincomprange=\count137
\c@maxcomprange=\count138
\c@mincompwidth=\count139
\c@labelname=\count140
\c@savedlabelname=\count141
\c@author=\count142
\c@savedauthor=\count143
\c@shortauthor=\count144
\c@savedshortauthor=\count145
\c@editor=\count146
\c@savededitor=\count147
\c@editora=\count148
\c@savededitora=\count149
\c@editorb=\count150
\c@savededitorb=\count151
\c@editorc=\count152
\c@savededitorc=\count153
\c@shorteditor=\count154
\c@savedshorteditor=\count155
\c@bookauthor=\count156
\c@savedbookauthor=\count157
\c@translator=\count158
\c@savedtranslator=\count159
\c@annotator=\count160
\c@savedannotator=\count161
\c@commentator=\count162
\c@savedcommentator=\count163
\c@introduction=\count164
\c@savedintroduction=\count165
\c@foreword=\count166
\c@savedforeword=\count167
\c@afterword=\count168
\c@savedafterword=\count169
\c@holder=\count170
\c@savedholder=\count171
\c@namea=\count172
\c@savednamea=\count173
\c@nameb=\count174
\c@savednameb=\count175
\c@namec=\count176
\c@savednamec=\count177
\c@institution=\count178
\c@savedinstitution=\count179
\c@language=\count180
\c@savedlanguage=\count181
\c@location=\count182
\c@savedlocation=\count183
\c@organization=\count184
\c@savedorganization=\count185
\c@origlocation=\count186
\c@savedoriglocation=\count187
\c@origpublisher=\count188
\c@savedorigpublisher=\count189
\c@pageref=\count190
\c@savedpageref=\count191
\c@publisher=\count192
\c@savedpublisher=\count193
\c@lista=\count194
\c@savedlista=\count195
\c@listb=\count196
\c@savedlistb=\count197
\c@listc=\count198
\c@savedlistc=\count199
\c@listd=\count200
\c@savedlistd=\count201
\c@liste=\count202
\c@savedliste=\count203
\c@listf=\count204
\c@savedlistf=\count205
Package biblatex Info: Trying to load compatibility code...
Package biblatex Info: ... file 'blx-compat.def' found.

(C:\Users\ruesca\Documents\generalSoftware\MiKTeX\tex\latex\biblatex\blx-compat
.def
File: blx-compat.def 2013/05/01 v2.6 biblatex compatibility (PK/JW/AB)
)
Package biblatex Info: Trying to load generic definitions...
Package biblatex Info: ... file 'biblatex.def' found.

(C:\Users\ruesca\Documents\generalSoftware\MiKTeX\tex\latex\biblatex\biblatex.d
ef
File: biblatex.def 
\c@biburlnumpenalty=\count206
\c@biburlucpenalty=\count207
\c@biburllcpenalty=\count208
\c@smartand=\count209
)
Package biblatex Info: Trying to load bibliography style 'authoryear'...
Package biblatex Info: ... file 'authoryear.bbx' found.

(C:\Users\ruesca\Documents\generalSoftware\MiKTeX\tex\latex\biblatex\bbx\author
year.bbx
File: authoryear.bbx 2013/05/01 v2.6 biblatex bibliography style (PK/JW/AB)
Package biblatex Info: Trying to load bibliography style 'standard'...
Package biblatex Info: ... file 'standard.bbx' found.

(C:\Users\ruesca\Documents\generalSoftware\MiKTeX\tex\latex\biblatex\bbx\standa
rd.bbx
File: standard.bbx 2013/05/01 v2.6 biblatex bibliography style (PK/JW/AB)
\c@bbx:relatedcount=\count210
\c@bbx:relatedtotal=\count211
))
Package biblatex Info: Trying to load citation style 'authoryear'...
Package biblatex Info: ... file 'authoryear.cbx' found.

(C:\Users\ruesca\Documents\generalSoftware\MiKTeX\tex\latex\biblatex\cbx\author
year.cbx
File: authoryear.cbx 2013/05/01 v2.6 biblatex citation style (PK/JW/AB)
Package biblatex Info: Redefining '\cite'.
Package biblatex Info: Redefining '\parencite'.
Package biblatex Info: Redefining '\footcite'.
Package biblatex Info: Redefining '\footcitetext'.
Package biblatex Info: Redefining '\smartcite'.
Package biblatex Info: Redefining '\textcite'.
)
Package biblatex Info: Trying to load configuration file...
Package biblatex Info: ... file 'biblatex.cfg' found.

(C:\Users\ruesca\Documents\generalSoftware\MiKTeX\tex\latex\biblatex\biblatex.c
fg
File: biblatex.cfg 
)))
(C:\Users\ruesca\Documents\generalSoftware\MiKTeX\tex\latex\draftwatermark\draf
twatermark.sty
Package: draftwatermark 2006/06/30 1.0 Put a gray textual watermark on document
 pages

(C:\Users\ruesca\Documents\generalSoftware\MiKTeX\tex\latex\everypage\everypage
.sty
Package: everypage 2007/06/20 1.1 Hooks to run on every page
)
\sc@wm@fontsize=\skip56
)
Package biblatex Info: Trying to load language 'english'...
Package biblatex Info: ... file 'english.lbx' found.

(C:\Users\ruesca\Documents\generalSoftware\MiKTeX\tex\latex\biblatex\lbx\englis
h.lbx
File: english.lbx 2013/05/01 v2.6 biblatex localization (PK/JW/AB)
)
\@quotelevel=\count212
\@quotereset=\count213
 (T:\Projects\Rock_River\Code\lidarTargetingTools\tutorial\tutorial.aux)
LaTeX Font Info:    Checking defaults for OML/cmm/m/it on input line 13.
LaTeX Font Info:    ... okay on input line 13.
LaTeX Font Info:    Checking defaults for T1/cmr/m/n on input line 13.
LaTeX Font Info:    ... okay on input line 13.
LaTeX Font Info:    Checking defaults for OT1/cmr/m/n on input line 13.
LaTeX Font Info:    ... okay on input line 13.
LaTeX Font Info:    Checking defaults for OMS/cmsy/m/n on input line 13.
LaTeX Font Info:    ... okay on input line 13.
LaTeX Font Info:    Checking defaults for OMX/cmex/m/n on input line 13.
LaTeX Font Info:    ... okay on input line 13.
LaTeX Font Info:    Checking defaults for U/cmr/m/n on input line 13.
LaTeX Font Info:    ... okay on input line 13.
LaTeX Font Info:    Checking defaults for PD1/pdf/m/n on input line 13.
LaTeX Font Info:    ... okay on input line 13.
LaTeX Font Info:    Try loading font information for OT1+ptm on input line 13.

(C:\Users\ruesca\Documents\generalSoftware\MiKTeX\tex\latex\psnfss\ot1ptm.fd
File: ot1ptm.fd 2001/06/04 font definitions for OT1/ptm.
)
\AtBeginShipoutBox=\box26
Package hyperref Info: Link coloring OFF on input line 13.

(C:\Users\ruesca\Documents\generalSoftware\MiKTeX\tex\latex\hyperref\nameref.st
y
Package: nameref 2010/04/30 v2.40 Cross-referencing by name of section

(C:\Users\ruesca\Documents\generalSoftware\MiKTeX\tex\generic\oberdiek\gettitle
string.sty
Package: gettitlestring 2010/12/03 v1.4 Cleanup title references (HO)
)
\c@section@level=\count214
)
LaTeX Info: Redefining \ref on input line 13.
LaTeX Info: Redefining \pageref on input line 13.
LaTeX Info: Redefining \nameref on input line 13.

(T:\Projects\Rock_River\Code\lidarTargetingTools\tutorial\tutorial.out)
(T:\Projects\Rock_River\Code\lidarTargetingTools\tutorial\tutorial.out)
\@outlinefile=\write4

(C:\Users\ruesca\Documents\generalSoftware\MiKTeX\tex\context\base\supp-pdf.mki
i
[Loading MPS to PDF converter (version 2006.09.02).]
\scratchcounter=\count215
\scratchdimen=\dimen110
\scratchbox=\box27
\nofMPsegments=\count216
\nofMParguments=\count217
\everyMPshowfont=\toks17
\MPscratchCnt=\count218
\MPscratchDim=\dimen111
\MPnumerator=\count219
\makeMPintoPDFobject=\count220
\everyMPtoPDFconversion=\toks18
)
Package biblatex Info: No input encoding detected.
(biblatex)             Assuming 'ascii'.
Package biblatex Info: Automatic encoding selection.
(biblatex)             Assuming data encoding 'ascii'.
Package biblatex Info: Trying to load bibliographic data...
Package biblatex Info: ... file 'tutorial.bbl' found.
 (T:\Projects\Rock_River\Code\lidarTargetingTools\tutorial\tutorial.bbl)
Package biblatex Info: Reference section=0 on input line 13.
Package biblatex Info: Reference segment=0 on input line 13.
LaTeX Font Info:    External font `cmex10' loaded for size
(Font)              <12> on input line 23.
LaTeX Font Info:    External font `cmex10' loaded for size
(Font)              <8> on input line 23.
LaTeX Font Info:    External font `cmex10' loaded for size
(Font)              <6> on input line 23.
LaTeX Font Info:    Font shape `OT1/ptm/bx/n' in size <9> not available
(Font)              Font shape `OT1/ptm/b/n' tried instead on input line 23.

[1{C:/Users/ruesca/AppData/Local/MiKTeX/2.9/pdftex/config/pdftex.map}

]
LaTeX Font Info:    Font shape `OT1/ptm/bx/n' in size <14.4> not available
(Font)              Font shape `OT1/ptm/b/n' tried instead on input line 27.

(T:\Projects\Rock_River\Code\lidarTargetingTools\tutorial\tutorial.toc
LaTeX Font Info:    Font shape `OT1/ptm/bx/n' in size <10> not available
(Font)              Font shape `OT1/ptm/b/n' tried instead on input line 3.
LaTeX Font Info:    External font `cmex10' loaded for size
(Font)              <7> on input line 7.
LaTeX Font Info:    External font `cmex10' loaded for size
(Font)              <5> on input line 7.
)
\tf@toc=\write5

(T:\Projects\Rock_River\Code\lidarTargetingTools\tutorial\tutorial.lot)
\tf@lot=\write6

(T:\Projects\Rock_River\Code\lidarTargetingTools\tutorial\tutorial.lof)
\tf@lof=\write7

[2]
Overfull \hbox (3.50772pt too wide) in paragraph at lines 37--38
\OT1/ptm/m/n/10 plete, un-zip the file and note the lo-ca-tion of []nlcd2006[]l
andcover[]4-20-11[]se5.img[]. 
 []

[3]
LaTeX Font Info:    Font shape `OT1/ptm/bx/n' in size <12> not available
(Font)              Font shape `OT1/ptm/b/n' tried instead on input line 41.
 <./figures/pythonIcon.png, id=139, 12.045pt x 9.78656pt>
File: ./figures/pythonIcon.png Graphic file (type png)

<use ./figures/pythonIcon.png>
Package pdftex.def Info: ./figures/pythonIcon.png used on input line 48.
(pdftex.def)             Requested size: 9.63599pt x 7.82924pt.
LaTeX Font Info:    Try loading font information for OT1+pcr on input line 49.

(C:\Users\ruesca\Documents\generalSoftware\MiKTeX\tex\latex\psnfss\ot1pcr.fd
File: ot1pcr.fd 2001/06/04 font definitions for OT1/pcr.
)
Underfull \hbox (badness 10000) in paragraph at lines 48--55

 []


Underfull \hbox (badness 10000) in paragraph at lines 48--55

 []


Overfull \hbox (1.34961pt too wide) in paragraph at lines 48--55
\OT1/ptm/m/n/10 replacing \OT1/pcr/m/n/10 "C:/path/to/dem" \OT1/ptm/m/n/10 and 
\OT1/pcr/m/n/10 "C:/path/to/depressionDepth"
 []

[4 <T:/Projects/Rock_River/Code/lidarTargetingTools/tutorial/figures/pythonIcon
.png>] [5] [6] [7]
Overfull \hbox (17.66031pt too wide) in paragraph at lines 93--93
[]\OT1/ptm/b/n/12 Calculate Soil Loss Us-ing the Uni-ver-sal Soil Loss Equa-tio
n (USLE) 
 []

[8]
LaTeX Font Info:    Try loading font information for OMS+pcr on input line 105.


(C:\Users\ruesca\Documents\generalSoftware\MiKTeX\tex\latex\psnfss\omspcr.fd
File: omspcr.fd 
)
LaTeX Font Info:    Font shape `OMS/pcr/m/n' in size <10> not available
(Font)              Font shape `OMS/cmsy/m/n' tried instead on input line 105.

Underfull \hbox (badness 10000) in paragraph at lines 105--106

 []


Underfull \hbox (badness 10000) in paragraph at lines 105--106

 []

[9] [10] [11]
Overfull \hbox (6.16983pt too wide) in paragraph at lines 122--122
\OT1/ptm/m/it/10 ture con-di-tions for flood dis-charge es-ti-ma-tion\OT1/ptm/m
/n/10 . Tech. rep. K-TRAN: KU-02-4. Kansas
 []


Overfull \hbox (1.68063pt too wide) in paragraph at lines 122--122
\OT1/ptm/m/it/10 dig-i-tal el-e-va-tion model\OT1/ptm/m/n/10 . Fargo, ND. \OT1/
ptm/m/sc/10 url\OT1/ptm/m/n/10 : []$\OT1/pcr/m/n/10 http : / / www . iwinst . o
rg / lidar /
 []

[12]

LaTeX Warning: `h' float specifier changed to `ht'.

[13] [14] <./figures/digitizingCulverts.png, id=244, 527.0892pt x 555.5154pt>
File: ./figures/digitizingCulverts.png Graphic file (type png)

<use ./figures/digitizingCulverts.png>
Package pdftex.def Info: ./figures/digitizingCulverts.png used on input line 18
0.
(pdftex.def)             Requested size: 172.5pt x 181.80336pt.
Package atveryend Info: Empty hook `BeforeClearDocument' on input line 184.
 [15

 <T:/Projects/Rock_River/Code/lidarTargetingTools/tutorial/figures/digitizingCu
lverts.png (PNG copy)>]
Package atveryend Info: Empty hook `AfterLastShipout' on input line 184.

(T:\Projects\Rock_River\Code\lidarTargetingTools\tutorial\tutorial.aux)
Package atveryend Info: Executing hook `AtVeryEndDocument' on input line 184.
Package atveryend Info: Executing hook `AtEndAfterFileList' on input line 184.
Package rerunfilecheck Info: File `tutorial.out' has not changed.
(rerunfilecheck)             Checksum: 405402F80D41732DF2DD30A10638369E;1152.
Package logreq Info: Writing requests to 'tutorial.run.xml'.
Package atveryend Info: Empty hook `AtVeryVeryEnd' on input line 184.
 ) 
Here is how much of TeX's memory you used:
 10705 strings out of 494045
 171432 string characters out of 3139922
 374295 words of memory out of 3000000
 13809 multiletter control sequences out of 15000+200000
 28912 words of font info for 53 fonts, out of 3000000 for 9000
 715 hyphenation exceptions out of 8191
 41i,10n,61p,1944b,935s stack positions out of 5000i,500n,10000p,200000b,50000s
{C:/Users/ruesca/Documents/generalSoftware/MiKTeX/fonts/enc/dvips/fontname/8r
.enc}<C:/Users/ruesca/Documents/generalSoftware/MiKTeX/fonts/type1/public/amsfo
nts/cm/cmmi10.pfb><C:/Users/ruesca/Documents/generalSoftware/MiKTeX/fonts/type1
/public/amsfonts/cm/cmmi6.pfb><C:/Users/ruesca/Documents/generalSoftware/MiKTeX
/fonts/type1/public/amsfonts/cm/cmmi7.pfb><C:/Users/ruesca/Documents/generalSof
tware/MiKTeX/fonts/type1/public/amsfonts/cm/cmmi8.pfb><C:/Users/ruesca/Document
s/generalSoftware/MiKTeX/fonts/type1/public/amsfonts/cm/cmr10.pfb><C:/Users/rue
sca/Documents/generalSoftware/MiKTeX/fonts/type1/public/amsfonts/cm/cmr7.pfb><C
:/Users/ruesca/Documents/generalSoftware/MiKTeX/fonts/type1/public/amsfonts/cm/
cmr8.pfb><C:/Users/ruesca/Documents/generalSoftware/MiKTeX/fonts/type1/public/a
msfonts/cm/cmsy10.pfb><C:/Users/ruesca/Documents/generalSoftware/MiKTeX/fonts/t
ype1/public/amsfonts/cm/cmsy7.pfb><C:/Users/ruesca/Documents/generalSoftware/Mi
KTeX/fonts/type1/public/amsfonts/cm/cmsy8.pfb><C:/Users/ruesca/Documents/genera
lSoftware/MiKTeX/fonts/type1/urw/courier/ucrr8a.pfb><C:/Users/ruesca/Documents/
generalSoftware/MiKTeX/fonts/type1/urw/times/utmb8a.pfb><C:/Users/ruesca/Docume
nts/generalSoftware/MiKTeX/fonts/type1/urw/times/utmr8a.pfb><C:/Users/ruesca/Do
cuments/generalSoftware/MiKTeX/fonts/type1/urw/times/utmri8a.pfb>
Output written on tutorial.pdf (15 pages, 291535 bytes).
PDF statistics:
 312 PDF objects out of 1000 (max. 8388607)
 71 named destinations out of 1000 (max. 500000)
 131 words of extra memory for PDF output out of 10000 (max. 10000000)

